android-segmentation-app/app/build/intermediates/manifest_merge_blame_file/debug/processDebugMainManifest/manifest-merger-blame-debug-report.txt
1<?xml version="1.0" encoding="utf-8"?>
2<manifest xmlns:android="http://schemas.android.com/apk/res/android"
3    package="com.segmentation.app"
4    android:versionCode="1"
5    android:versionName="1.0" >
6
7    <uses-sdk
8        android:minSdkVersion="26"
9        android:targetSdkVersion="34" />
10
11    <!-- Camera permission required for live preview -->
12    <uses-permission android:name="android.permission.CAMERA" />
12-->src/main/AndroidManifest.xml:5:5-65
12-->src/main/AndroidManifest.xml:5:22-62
13
14    <!-- Declare camera feature (required, not optional) -->
15    <uses-feature
15-->src/main/AndroidManifest.xml:8:5-10:35
16        android:name="android.hardware.camera"
16-->src/main/AndroidManifest.xml:9:9-47
17        android:required="true" />
17-->src/main/AndroidManifest.xml:10:9-32
18    <uses-feature
18-->src/main/AndroidManifest.xml:11:5-13:36
19        android:name="android.hardware.camera.autofocus"
19-->src/main/AndroidManifest.xml:12:9-57
20        android:required="false" />
20-->src/main/AndroidManifest.xml:13:9-33
21
22    <permission
22-->[androidx.core:core:1.12.0] AndroidManifest.xml:22:5-24:47
23        android:name="com.segmentation.app.DYNAMIC_RECEIVER_NOT_EXPORTED_PERMISSION"
23-->[androidx.core:core:1.12.0] AndroidManifest.xml:23:9-81
24        android:protectionLevel="signature" />
24-->[androidx.core:core:1.12.0] AndroidManifest.xml:24:9-44
25
26    <uses-permission android:name="com.segmentation.app.DYNAMIC_RECEIVER_NOT_EXPORTED_PERMISSION" />
26-->[androidx.core:core:1.12.0] AndroidManifest.xml:26:5-97
26-->[androidx.core:core:1.12.0] AndroidManifest.xml:26:22-94
27    <uses-permission android:name="android.permission.WRITE_EXTERNAL_STORAGE" />
28    <uses-permission android:name="android.permission.READ_PHONE_STATE" />
29    <uses-permission android:name="android.permission.READ_EXTERNAL_STORAGE" />
30
31    <application
31-->src/main/AndroidManifest.xml:15:5-35:19
32        android:allowBackup="true"
32-->src/main/AndroidManifest.xml:16:9-35
33        android:appComponentFactory="androidx.core.app.CoreComponentFactory"
33-->[androidx.core:core:1.12.0] AndroidManifest.xml:28:18-86
34        android:debuggable="true"
35        android:extractNativeLibs="false"
36        android:hardwareAccelerated="true"
36-->src/main/AndroidManifest.xml:22:9-43
37        android:icon="@mipmap/ic_launcher"
37-->src/main/AndroidManifest.xml:17:9-43
38        android:label="@string/app_name"
38-->src/main/AndroidManifest.xml:18:9-41
39        android:roundIcon="@mipmap/ic_launcher_round"
39-->src/main/AndroidManifest.xml:19:9-54
40        android:supportsRtl="true"
40-->src/main/AndroidManifest.xml:20:9-35
41        android:testOnly="true"
42        android:theme="@style/Theme.SegmentationApp" >
42-->src/main/AndroidManifest.xml:21:9-53
43        <activity
43-->src/main/AndroidManifest.xml:24:9-33:20
44            android:name="com.segmentation.app.MainActivity"
44-->src/main/AndroidManifest.xml:25:13-41
45            android:configChanges="orientation|screenSize"
45-->src/main/AndroidManifest.xml:28:13-59
46            android:exported="true"
46-->src/main/AndroidManifest.xml:26:13-36
47            android:screenOrientation="portrait" >
47-->src/main/AndroidManifest.xml:27:13-49
48            <intent-filter>
48-->src/main/AndroidManifest.xml:29:13-32:29
49                <action android:name="android.intent.action.MAIN" />
49-->src/main/AndroidManifest.xml:30:17-69
49-->src/main/AndroidManifest.xml:30:25-66
50
51                <category android:name="android.intent.category.LAUNCHER" />
51-->src/main/AndroidManifest.xml:31:17-77
51-->src/main/AndroidManifest.xml:31:27-74
52            </intent-filter>
53        </activity>
54
55        <service
55-->[androidx.camera:camera-camera2:1.3.1] AndroidManifest.xml:24:9-33:19
56            android:name="androidx.camera.core.impl.MetadataHolderService"
56-->[androidx.camera:camera-camera2:1.3.1] AndroidManifest.xml:25:13-75
57            android:enabled="false"
57-->[androidx.camera:camera-camera2:1.3.1] AndroidManifest.xml:26:13-36
58            android:exported="false" >
58-->[androidx.camera:camera-camera2:1.3.1] AndroidManifest.xml:27:13-37
59            <meta-data
59-->[androidx.camera:camera-camera2:1.3.1] AndroidManifest.xml:30:13-32:89
60                android:name="androidx.camera.core.impl.MetadataHolderService.DEFAULT_CONFIG_PROVIDER"
60-->[androidx.camera:camera-camera2:1.3.1] AndroidManifest.xml:31:17-103
61                android:value="androidx.camera.camera2.Camera2Config$DefaultProvider" />
61-->[androidx.camera:camera-camera2:1.3.1] AndroidManifest.xml:32:17-86
62        </service>
63
64        <provider
64-->[androidx.emoji2:emoji2:1.2.0] AndroidManifest.xml:24:9-32:20
65            android:name="androidx.startup.InitializationProvider"
65-->[androidx.emoji2:emoji2:1.2.0] AndroidManifest.xml:25:13-67
66            android:authorities="com.segmentation.app.androidx-startup"
66-->[androidx.emoji2:emoji2:1.2.0] AndroidManifest.xml:26:13-68
67            android:exported="false" >
67-->[androidx.emoji2:emoji2:1.2.0] AndroidManifest.xml:27:13-37
68            <meta-data
68-->[androidx.emoji2:emoji2:1.2.0] AndroidManifest.xml:29:13-31:52
69                android:name="androidx.emoji2.text.EmojiCompatInitializer"
69-->[androidx.emoji2:emoji2:1.2.0] AndroidManifest.xml:30:17-75
70                android:value="androidx.startup" />
70-->[androidx.emoji2:emoji2:1.2.0] AndroidManifest.xml:31:17-49
71            <meta-data
71-->[androidx.lifecycle:lifecycle-process:2.7.0] AndroidManifest.xml:29:13-31:52
72                android:name="androidx.lifecycle.ProcessLifecycleInitializer"
72-->[androidx.lifecycle:lifecycle-process:2.7.0] AndroidManifest.xml:30:17-78
73                android:value="androidx.startup" />
73-->[androidx.lifecycle:lifecycle-process:2.7.0] AndroidManifest.xml:31:17-49
74            <meta-data
74-->[androidx.profileinstaller:profileinstaller:1.3.0] AndroidManifest.xml:29:13-31:52
75                android:name="androidx.profileinstaller.ProfileInstallerInitializer"
75-->[androidx.profileinstaller:profileinstaller:1.3.0] AndroidManifest.xml:30:17-85
76                android:value="androidx.startup" />
76-->[androidx.profileinstaller:profileinstaller:1.3.0] AndroidManifest.xml:31:17-49
77        </provider>
78
79        <receiver
79-->[androidx.profileinstaller:profileinstaller:1.3.0] AndroidManifest.xml:34:9-52:20
80            android:name="androidx.profileinstaller.ProfileInstallReceiver"
80-->[androidx.profileinstaller:profileinstaller:1.3.0] AndroidManifest.xml:35:13-76
81            android:directBootAware="false"
81-->[androidx.profileinstaller:profileinstaller:1.3.0] AndroidManifest.xml:36:13-44
82            android:enabled="true"
82-->[androidx.profileinstaller:profileinstaller:1.3.0] AndroidManifest.xml:37:13-35
83            android:exported="true"
83-->[androidx.profileinstaller:profileinstaller:1.3.0] AndroidManifest.xml:38:13-36
84            android:permission="android.permission.DUMP" >
84-->[androidx.profileinstaller:profileinstaller:1.3.0] AndroidManifest.xml:39:13-57
85            <intent-filter>
85-->[androidx.profileinstaller:profileinstaller:1.3.0] AndroidManifest.xml:40:13-42:29
86                <action android:name="androidx.profileinstaller.action.INSTALL_PROFILE" />
86-->[androidx.profileinstaller:profileinstaller:1.3.0] AndroidManifest.xml:41:17-91
86-->[androidx.profileinstaller:profileinstaller:1.3.0] AndroidManifest.xml:41:25-88
87            </intent-filter>
88            <intent-filter>
88-->[androidx.profileinstaller:profileinstaller:1.3.0] AndroidManifest.xml:43:13-45:29
89                <action android:name="androidx.profileinstaller.action.SKIP_FILE" />
89-->[androidx.profileinstaller:profileinstaller:1.3.0] AndroidManifest.xml:44:17-85
89-->[androidx.profileinstaller:profileinstaller:1.3.0] AndroidManifest.xml:44:25-82
90            </intent-filter>
91            <intent-filter>
91-->[androidx.profileinstaller:profileinstaller:1.3.0] AndroidManifest.xml:46:13-48:29
92                <action android:name="androidx.profileinstaller.action.SAVE_PROFILE" />
92-->[androidx.profileinstaller:profileinstaller:1.3.0] AndroidManifest.xml:47:17-88
92-->[androidx.profileinstaller:profileinstaller:1.3.0] AndroidManifest.xml:47:25-85
93            </intent-filter>
94            <intent-filter>
94-->[androidx.profileinstaller:profileinstaller:1.3.0] AndroidManifest.xml:49:13-51:29
95                <action android:name="androidx.profileinstaller.action.BENCHMARK_OPERATION" />
95-->[androidx.profileinstaller:profileinstaller:1.3.0] AndroidManifest.xml:50:17-95
95-->[androidx.profileinstaller:profileinstaller:1.3.0] AndroidManifest.xml:50:25-92
96            </intent-filter>
97        </receiver>
98        <!--
99 Applications that target Android S+ require explicit declaration of
100             any referenced vendor-provided libraries.
101        -->
102        <uses-native-library
102-->[org.tensorflow:tensorflow-lite-gpu-api:2.13.0] AndroidManifest.xml:8:9-10:40
103            android:name="libOpenCL.so"
103-->[org.tensorflow:tensorflow-lite-gpu-api:2.13.0] AndroidManifest.xml:9:13-40
104            android:required="false" />
104-->[org.tensorflow:tensorflow-lite-gpu-api:2.13.0] AndroidManifest.xml:10:13-37
105        <uses-native-library
105-->[org.tensorflow:tensorflow-lite-gpu-api:2.13.0] AndroidManifest.xml:8:9-10:40
106            android:name="libOpenCL-car.so"
106-->[org.tensorflow:tensorflow-lite-gpu-api:2.13.0] AndroidManifest.xml:9:13-40
107            android:required="false" />
107-->[org.tensorflow:tensorflow-lite-gpu-api:2.13.0] AndroidManifest.xml:10:13-37
108        <uses-native-library
108-->[org.tensorflow:tensorflow-lite-gpu-api:2.13.0] AndroidManifest.xml:8:9-10:40
109            android:name="libOpenCL-pixel.so"
109-->[org.tensorflow:tensorflow-lite-gpu-api:2.13.0] AndroidManifest.xml:9:13-40
110            android:required="false" />
110-->[org.tensorflow:tensorflow-lite-gpu-api:2.13.0] AndroidManifest.xml:10:13-37
111    </application>
112
113</manifest>